Apr 26 15:48:21 [AO] 'AT\r'
Apr 26 15:48:22 [AI] 'OK\r\n'
Apr 26 15:48:23 [AO] 'at#swpkgv\r'
Apr 26 15:48:24 [AI] '25.20.679-B009-P0F.671501\r\nM0F.670009-B009\r\nP0F.671501\r\nA0F.670009-B009\r\n\r\nOK\r\n'
Apr 26 15:48:24 [AO] 'at+cmee=2\r'
Apr 26 15:48:25 [AI] 'OK\r\n'
Apr 26 15:48:25 [AO] 'at&v0\r'
Apr 26 15:48:26 [AI] '\r\nDTE SPEED                      : 115200\r\nDTE FORMAT                     : 8N1\r\nGSM DATA MODE                  : Not Transparent\r\nAUTOBAUD                       : +IPRxxx00=NO             \r\nCOMMAND ECHO                   : E1=YES            \r\nRESULT MESSAGES                : Q0=YES            \r\nVERBOSE MESSAGES               : V1=YES            \r\nEXTENDED MESSAGES              : X1=YES            \r\nLINE SPEED                     : F0=autodetect     \r\nCONSTANT DTE SPEED             : YES            \r\nFLOW CONTROL OPTIONS           : &K3=HW bidirect.   \r\nERROR CORRECTION MODE          : RLP            \r\nCTS (C106) OPTIONS             : &B2=OFF while disc.\r\nDSR (C107) OPTIONS             : &S3=PHONE ready->ON\r\nDTR (C108) OPTIONS             : &D0=ignored        \r\nDCD (C109) OPTIONS             : &C1=follows carrier\r\nRI (C125) OPTIONS              : \\R1=OFF dur. off-hk\r\nC108/1 OPERATION               : &D0=NO             \r\nPOWER SAVING ON DTR            : +CFUN:1=NO             \r\nDEFAULT PROFILE                : &Y0=user profile 1 \r\n\r\nOK\r\n'
Apr 26 15:48:26 [AO] 'at#usbcfg?\r'
Apr 26 15:48:27 [AI] '#USBCFG: 0\r\n\r\nOK\r\n'
Apr 26 15:48:27 [AO] 'at#portcfg?\r'
Apr 26 15:48:28 [AI] '#PORTCFG: 14,14\r\n\r\nOK\r\n'
Apr 26 15:48:28 [AO] 'at#connmgrstart=1,0\r'
Apr 26 15:48:29 [AI] 'OK\r\n'
Apr 26 15:48:29 [AO] 'at#isel=1\r'
Apr 26 15:48:30 [AI] 'OK\r\n'
Apr 26 15:48:30 [AO] 'at#wlanmode=1\r'
Apr 26 15:48:31 [AI] 'OK\r\n'
Apr 26 15:48:31 [AO] 'at#wlanstart=1\r'
Apr 26 15:48:32 [AI] 'OK\r\n'
Apr 26 15:48:32 [AO] 'at#wlanscan=0\r'
Apr 26 15:48:36 [AI] '\tSSID: \n\r\n\tsignal: -50.00 dBm\r\n\tfreq: 2457\r\n\n\tSSID: home\r\n\tsignal: -59.00 dBm\r\n\tfreq: 2427\r\n\n\tSSID: ACT102476034639\r\n\tsignal: -85.00 dBm\r\n\tfreq: 2437\r\n\n\tSSID: Avenger$\r\n\tsignal: -86.00 dBm\r\n\tfreq: 2462\r\n\n\tSSID: \n\r\n\tsignal: -49.00 dBm\r\n\tfreq: 5745\r\n\n\tSSID: DARTH VADER\r\n\tsignal: -91.00 dBm\r\n\tfreq: 2452\r\n\n\tSSID: Hyperdrive\r\n\tsignal: -88.00 dBm\r\n\tfreq: 2422\r\n\r\nOK\r\n'
Apr 26 15:48:36 [AO] 'at#wlanip\r'
Apr 26 15:48:37 [AI] '#WLANIP: \r\n\r\nOK\r\n'
Apr 26 15:48:37 [AO] 'at#wlanscan=0\r'
Apr 26 15:48:41 [AI] '\tSSID: \n\r\n\tsignal: -52.00 dBm\r\n\tfreq: 2457\r\n\n\tSSID: home\r\n\tsignal: -59.00 dBm\r\n\tfreq: 2427\r\n\n\tSSID: ACT102476034639\r\n\tsignal: -85.00 dBm\r\n\tfreq: 2437\r\n\n\tSSID: Avenger$\r\n\tsignal: -86.00 dBm\r\n\tfreq: 2462\r\n\n\tSSID: \n\r\n\tsignal: -49.00 dBm\r\n\tfreq: 5745\r\n\n\tSSID: DARTH VADER\r\n\tsignal: -91.00 dBm\r\n\tfreq: 2452\r\n\n\tSSID: Hyperdrive\r\n\tsignal: -88.00 dBm\r\n\tfreq: 2422\r\n\n\tSSID: TP-Link_6174\r\n\tsignal: -85.00 dBm\r\n\tfreq: 2412\r\n\n\tSSID: Sridhar D\r\n\tsignal: -91.00 dBm\r\n\tfreq: 2412\r\n\r\nOK\r\n'
Apr 26 15:48:41 [AO] 'at#wlanip\r'
Apr 26 15:48:42 [AI] '#WLANIP: \r\n\r\nOK\r\n'
Apr 26 15:48:43 [AO] 'at#wlanscan=0\r'
Apr 26 15:48:47 [AI] '\tSSID: \n\r\n\tsignal: -53.00 dBm\r\n\tfreq: 2457\r\n\n\tSSID: home\r\n\tsignal: -59.00 dBm\r\n\tfreq: 2427\r\n\n\tSSID: ACT102476034639\r\n\tsignal: -85.00 dBm\r\n\tfreq: 2437\r\n\n\tSSID: Avenger$\r\n\tsignal: -85.00 dBm\r\n\tfreq: 2462\r\n\n\tSSID: \n\r\n\tsignal: -49.00 dBm\r\n\tfreq: 5745\r\n\n\tSSID: DARTH VADER\r\n\tsignal: -91.00 dBm\r\n\tfreq: 2452\r\n\n\tSSID: Hyperdrive\r\n\tsignal: -88.00 dBm\r\n\tfreq: 2422\r\n\n\tSSID: TP-Link_6174\r\n\tsignal: -85.00 dBm\r\n\tfreq: 2412\r\n\n\tSSID: Sridhar D\r\n\tsignal: -91.00 dBm\r\n\tfreq: 2412\r\n\r\nOK\r\n'
Apr 26 15:48:47 [AO] 'at#wlanip\r'
Apr 26 15:48:48 [AI] '#WLANIP: \r\n\r\nOK\r\n'
